INFO:root:Endpoint accessed: /logs
INFO:root:Endpoint accessed: /upload
INFO:root:Endpoint accessed: /columns
INFO:root:Endpoint accessed: /data
INFO:root:Endpoint accessed: /logs
INFO:root:Endpoint accessed: /columns
INFO:root:Endpoint accessed: /delete
INFO:root:Endpoint accessed: /columns
INFO:root:Endpoint accessed: /delete
INFO:root:Endpoint accessed: /logs
INFO:root:Endpoint accessed: /data
INFO:root:Endpoint accessed: /data
INFO:root:Endpoint accessed: /columns
INFO:root:Endpoint accessed: /data
INFO:root:Endpoint accessed: /logs
INFO:root:Endpoint accessed: /logs
INFO:root:Endpoint accessed: /data
INFO:root:Endpoint accessed: /upload
INFO:root:Endpoint accessed: /columns
INFO:root:Endpoint accessed: /data
INFO:root:Endpoint accessed: /logs
